2022-03-18 13:25:35,537 INFO main.Main [main] Server start
2022-03-18 13:27:44,876 INFO main.Main [main] Server start
2022-03-18 13:29:41,128 INFO main.Main [main] Server start
2022-03-18 13:30:06,285 INFO main.Main [main] Server start
2022-03-18 13:30:22,841 INFO main.Main [main] Server start
2022-03-18 13:31:30,483 INFO main.Main [main] Server start
2022-03-18 13:32:59,557 INFO main.Main [main] Server start
2022-03-18 13:37:59,037 INFO main.Main [main] Server start
2022-03-18 13:38:07,726 INFO main.Main [main] Server start
2022-03-18 13:43:00,505 INFO main.Main [main] Server start
2022-03-18 13:45:04,823 INFO main.Main [main] Server start
2022-03-18 13:46:29,163 INFO main.Main [main] Server start
2022-03-18 13:46:47,749 INFO main.Main [main] Server start
2022-03-18 14:02:02,721 INFO main.Main [main] Server start
2022-03-18 15:58:51,881 INFO main.Main [main] Server start
2022-03-18 16:05:18,534 INFO main.Main [main] Server start
2022-03-18 16:50:57,011 INFO main.Main [main] Server start
2022-03-18 16:51:15,848 INFO main.Main [main] Команда: {"type":"help","args":[]}
2022-03-18 16:51:46,536 INFO main.Main [main] Команда: {"type":"filter_by_annual_turnover","args":["1"]}
2022-03-18 16:51:46,571 INFO main.Main [main] отправлены организации [Organization{id=1, name='b', coordinates=Coordinates{x=1, y=1}, creationDate=2022-03-18, annualTurnover=1, fullName='a', type=COMMERCIAL, officialAddress=Address{street='c', zipCode='d', town=Location{x=7, y=8, name='gg'}}, names=[a]}]
2022-03-18 16:52:13,290 INFO main.Main [main] Server start
2022-03-18 16:52:19,891 INFO main.Main [main] Команда: null
2022-03-18 16:54:45,869 INFO main.Main [main] Server start
2022-03-18 16:54:56,710 INFO main.Main [main] Server start
2022-03-18 16:56:45,833 INFO main.Main [main] Команда: {"type":"close_connection","args":[]}
2022-03-18 16:57:04,511 INFO main.Main [main] Server start
2022-03-18 16:57:09,322 INFO main.Main [main] Команда: {"type":"close_connection","args":[]}
2022-03-18 16:57:09,335 INFO main.Main [main] Команда: {"type":"exit","args":[]}
2022-03-18 16:57:09,335 INFO main.Main [main] Завершение работы
2022-03-18 16:58:04,089 INFO main.Main [main] Server start
2022-03-18 16:58:16,191 INFO main.Main [main] Server start
2022-03-18 16:58:21,971 INFO main.Main [main] Команда: {"type":"close_connection","args":[]}
2022-03-18 17:06:01,754 INFO main.Main [main] Server start
2022-03-18 17:06:10,629 INFO main.Main [main] Команда: null
2022-03-18 17:06:58,234 INFO main.Main [main] Server start
2022-03-18 17:07:03,048 INFO main.Main [main] Команда: null
2022-03-18 18:56:51,102 INFO main.Main [main] Server start
2022-03-18 19:08:54,574 INFO main.Main [main] Server start
